
Showing logs for build [32mmeta-ricable-microservices-demo-bhjqb-1[0m stage [32mmeta-pipeline[0m and container [32mstep-credential-initializer-vn58z[0m
{"level":"info","ts":1598513532.8013906,"logger":"fallback-logger","caller":"logging/config.go:69","msg":"Fetch GitHub commit ID from kodata failed: open /var/run/ko/refs/heads/0.8.0-ns-support: no such file or directory"}
{"level":"info","ts":1598513532.8023367,"logger":"fallback-logger","caller":"creds-init/main.go:40","msg":"Credentials initialized."}

Showing logs for build [32mmeta-ricable-microservices-demo-bhjqb-1[0m stage [32mmeta-pipeline[0m and container [32mstep-working-dir-initializer-8vccl[0m
{"level":"info","ts":1598513533.8891196,"logger":"fallback-logger","caller":"logging/config.go:69","msg":"Fetch GitHub commit ID from kodata failed: open /var/run/ko/HEAD: no such file or directory"}
{"level":"info","ts":1598513533.8916109,"logger":"fallback-logger","caller":"bash/main.go:64","msg":"Successfully executed command \"sh -c mkdir -p /workspace/source\"; output "}

Showing logs for build [32mmeta-ricable-microservices-demo-bhjqb-1[0m stage [32mmeta-pipeline[0m and container [32mstep-place-tools[0m

Showing logs for build [32mmeta-ricable-microservices-demo-bhjqb-1[0m stage [32mmeta-pipeline[0m and container [32mstep-git-source-meta-ricable-microservices-demo-bhjqb-qw5qp[0m
{"level":"info","ts":1598513539.950613,"logger":"fallback-logger","caller":"logging/config.go:69","msg":"Fetch GitHub commit ID from kodata failed: open /var/run/ko/refs/heads/0.8.0-ns-support: no such file or directory"}
{"level":"info","ts":1598513544.0370104,"logger":"fallback-logger","caller":"git/git.go:103","msg":"Successfully cloned https://github.com/*******/microservices-demo.git @ master in path /workspace/source"}

Showing logs for build [32mmeta-ricable-microservices-demo-bhjqb-1[0m stage [32mmeta-pipeline[0m and container [32mstep-setup-builder-home[0m

Showing logs for build [32mmeta-ricable-microservices-demo-bhjqb-1[0m stage [32mmeta-pipeline[0m and container [32mstep-git-merge[0m
Using SHAs from PULL_REFS=master:
WARNING: no SHAs to merge, falling back to initial cloned commit

Showing logs for build [32mmeta-ricable-microservices-demo-bhjqb-1[0m stage [32mmeta-pipeline[0m and container [32mstep-merge-pull-refs[0m
SKIP merge-pull-refs: Nothing to merge

Showing logs for build [32mmeta-ricable-microservices-demo-bhjqb-1[0m stage [32mmeta-pipeline[0m and container [32mstep-create-effective-pipeline[0m
Cloning the Jenkins X versions repo https://github.com/jenkins-x/**r-versions.git with ref refs/heads/master to /builder/home/.**/jenkins-x-versions
Effective pipeline written to jenkins-x-effective.yml

Showing logs for build [32mmeta-ricable-microservices-demo-bhjqb-1[0m stage [32mmeta-pipeline[0m and container [32mstep-create-tekton-crds[0m
running command: ** step next-version --filename package.json
error: open package.json: no such file or directory
error: failed to set the version on release pipelines: failed to run '/bin/sh -c ** step next-version --filename package.json' command in directory '/workspace/source', output: ''
[31m
Pipeline failed on stage 'meta-pipeline' : container 'step-create-tekton-crds'. The execution of the pipeline has stopped.[0m
